"C:\Program Files\Java\jdk1.8.0_144\bin\java" -Dmaven.multiModuleProjectDirectory=C:\Users\NISHANAND\Documents\GitHub\Problems\Question3 "-Dmaven.home=C:\Program Files\JetBrains\IntelliJ IDEA Community Edition 2017.2.5\plugins\maven\lib\maven3" "-Dclassworlds.conf=C:\Program Files\JetBrains\IntelliJ IDEA Community Edition 2017.2.5\plugins\maven\lib\maven3\bin\m2.conf" "-javaagent:C:\Program Files\JetBrains\IntelliJ IDEA Community Edition 2017.2.5\lib\idea_rt.jar=64644:C:\Program Files\JetBrains\IntelliJ IDEA Community Edition 2017.2.5\bin" -Dfile.encoding=UTF-8 -classpath "C:\Program Files\JetBrains\IntelliJ IDEA Community Edition 2017.2.5\plugins\maven\lib\maven3\boot\plexus-classworlds-2.5.2.jar" org.codehaus.classworlds.Launcher -Didea.version=2017.2.5 clean install
[INFO] Scanning for projects...
[INFO]
[INFO] ------------------------------------------------------------------------
[INFO] Building WordCount 1.0-SNAPSHOT
[INFO] ------------------------------------------------------------------------
[INFO]
[INFO] --- maven-clean-plugin:2.5:clean (default-clean) @ WordCount ---
[INFO] Deleting C:\Users\NISHANAND\Documents\GitHub\Problems\Question3\target
[INFO]
[INFO] --- maven-resources-plugin:2.6:resources (default-resources) @ WordCount ---
[WARNING] Using platform encoding (UTF-8 actually) to copy filtered resources, i.e. build is platform dependent!
[INFO] Copying 0 resource
[INFO]
[INFO] --- maven-compiler-plugin:3.1:compile (default-compile) @ WordCount ---
[INFO] Changes detected - recompiling the module!
[WARNING] File encoding has not been set, using platform encoding UTF-8, i.e. build is platform dependent!
[INFO] Compiling 1 source file to C:\Users\NISHANAND\Documents\GitHub\Problems\Question3\target\classes
[INFO]
[INFO] --- maven-resources-plugin:2.6:testResources (default-testResources) @ WordCount ---
[WARNING] Using platform encoding (UTF-8 actually) to copy filtered resources, i.e. build is platform dependent!
[INFO] skip non existing resourceDirectory C:\Users\NISHANAND\Documents\GitHub\Problems\Question3\src\test\resources
[INFO]
[INFO] --- maven-compiler-plugin:3.1:testCompile (default-testCompile) @ WordCount ---
[INFO] Changes detected - recompiling the module!
[WARNING] File encoding has not been set, using platform encoding UTF-8, i.e. build is platform dependent!
[INFO] Compiling 1 source file to C:\Users\NISHANAND\Documents\GitHub\Problems\Question3\target\test-classes
[INFO]
[INFO] --- maven-surefire-plugin:2.12.4:test (default-test) @ WordCount ---
[INFO] Surefire report directory: C:\Users\NISHANAND\Documents\GitHub\Problems\Question3\target\surefire-reports

-------------------------------------------------------
 T E S T S
-------------------------------------------------------
Running com.sabre.intvw.test.WordCountTest
The word hotel occurs 1 times.
The word hotel occurs 2 times.
Tests run: 1, Failures: 0, Errors: 0, Skipped: 0, Time elapsed: 0.06 sec

Results :

Tests run: 1, Failures: 0, Errors: 0, Skipped: 0

[INFO]
[INFO] --- maven-jar-plugin:2.4:jar (default-jar) @ WordCount ---
[INFO] Building jar: C:\Users\NISHANAND\Documents\GitHub\Problems\Question3\target\WordCount-1.0-SNAPSHOT.jar
[INFO]
[INFO] --- maven-install-plugin:2.4:install (default-install) @ WordCount ---
[INFO] Installing C:\Users\NISHANAND\Documents\GitHub\Problems\Question3\target\WordCount-1.0-SNAPSHOT.jar to C:\Users\NISHANAND\.m2\repository\com\sabre\intvw\WordCount\1.0-SNAPSHOT\WordCount-1.0-SNAPSHOT.jar
[INFO] Installing C:\Users\NISHANAND\Documents\GitHub\Problems\Question3\pom.xml to C:\Users\NISHANAND\.m2\repository\com\sabre\intvw\WordCount\1.0-SNAPSHOT\WordCount-1.0-SNAPSHOT.pom
[INFO] ------------------------------------------------------------------------
[INFO] BUILD SUCCESS
[INFO] ------------------------------------------------------------------------
[INFO] Total time: 3.120 s
[INFO] Finished at: 2018-05-15T00:32:09-07:00
[INFO] Final Memory: 17M/156M
[INFO] ------------------------------------------------------------------------

Process finished with exit code 0
