"C:\Program Files\Java\jdk1.8.0_144\bin\java" -Dmaven.multiModuleProjectDirectory=C:\Users\NISHANAND\Documents\GitHub\Problems\Question1 "-Dmaven.home=C:\Program Files\JetBrains\IntelliJ IDEA Community Edition 2017.2.5\plugins\maven\lib\maven3" "-Dclassworlds.conf=C:\Program Files\JetBrains\IntelliJ IDEA Community Edition 2017.2.5\plugins\maven\lib\maven3\bin\m2.conf" "-javaagent:C:\Program Files\JetBrains\IntelliJ IDEA Community Edition 2017.2.5\lib\idea_rt.jar=62293:C:\Program Files\JetBrains\IntelliJ IDEA Community Edition 2017.2.5\bin" -Dfile.encoding=UTF-8 -classpath "C:\Program Files\JetBrains\IntelliJ IDEA Community Edition 2017.2.5\plugins\maven\lib\maven3\boot\plexus-classworlds-2.5.2.jar" org.codehaus.classworlds.Launcher -Didea.version=2017.2.5 clean install exec:java -Dexec.mainClass=com.sabre.intvw.GlobalMembers
[INFO] Scanning for projects...
[INFO]
[INFO] ------------------------------------------------------------------------
[INFO] Building ProbJava 1.0-SNAPSHOT
[INFO] ------------------------------------------------------------------------
[INFO]
[INFO] --- maven-clean-plugin:2.5:clean (default-clean) @ ProbJava ---
[INFO] Deleting C:\Users\NISHANAND\Documents\GitHub\Problems\Question1\target
[INFO]
[INFO] --- maven-resources-plugin:2.6:resources (default-resources) @ ProbJava ---
[WARNING] Using platform encoding (UTF-8 actually) to copy filtered resources, i.e. build is platform dependent!
[INFO] Copying 0 resource
[INFO]
[INFO] --- maven-compiler-plugin:3.1:compile (default-compile) @ ProbJava ---
[INFO] Changes detected - recompiling the module!
[WARNING] File encoding has not been set, using platform encoding UTF-8, i.e. build is platform dependent!
[INFO] Compiling 4 source files to C:\Users\NISHANAND\Documents\GitHub\Problems\Question1\target\classes
[INFO]
[INFO] --- maven-resources-plugin:2.6:testResources (default-testResources) @ ProbJava ---
[WARNING] Using platform encoding (UTF-8 actually) to copy filtered resources, i.e. build is platform dependent!
[INFO] skip non existing resourceDirectory C:\Users\NISHANAND\Documents\GitHub\Problems\Question1\src\test\resources
[INFO]
[INFO] --- maven-compiler-plugin:3.1:testCompile (default-testCompile) @ ProbJava ---
[INFO] Nothing to compile - all classes are up to date
[INFO]
[INFO] --- maven-surefire-plugin:2.12.4:test (default-test) @ ProbJava ---
[INFO] No tests to run.
[INFO]
[INFO] --- maven-jar-plugin:2.4:jar (default-jar) @ ProbJava ---
[INFO] Building jar: C:\Users\NISHANAND\Documents\GitHub\Problems\Question1\target\ProbJava-1.0-SNAPSHOT.jar
[INFO]
[INFO] --- maven-install-plugin:2.4:install (default-install) @ ProbJava ---
[INFO] Installing C:\Users\NISHANAND\Documents\GitHub\Problems\Question1\target\ProbJava-1.0-SNAPSHOT.jar to C:\Users\NISHANAND\.m2\repository\com\sabre\intvw\ProbJava\1.0-SNAPSHOT\ProbJava-1.0-SNAPSHOT.jar
[INFO] Installing C:\Users\NISHANAND\Documents\GitHub\Problems\Question1\pom.xml to C:\Users\NISHANAND\.m2\repository\com\sabre\intvw\ProbJava\1.0-SNAPSHOT\ProbJava-1.0-SNAPSHOT.pom
[INFO]
[INFO] --- exec-maven-plugin:1.6.0:java (default-cli) @ ProbJava ---


Problem part A
name is: Geremy
name is: Geremy
name is: Geremy
Problem part B
foo. B
B destructed
A destructed
[INFO] ------------------------------------------------------------------------
[INFO] BUILD SUCCESS
[INFO] ------------------------------------------------------------------------
[INFO] Total time: 2.835 s
[INFO] Finished at: 2018-05-14T22:32:13-07:00
[INFO] Final Memory: 18M/163M
[INFO] ------------------------------------------------------------------------

Process finished with exit code 0
